0 info it worked if it ends with ok
1 verbose cli [ 'node', '/usr/local/bin/npm', 'install', 'ios-sim', '-g' ]
2 info using npm@1.4.23
3 info using node@v0.10.31
4 verbose cache add [ 'ios-sim', null ]
5 verbose cache add name=undefined spec="ios-sim" args=["ios-sim",null]
6 verbose parsed url { protocol: null,
6 verbose parsed url   slashes: null,
6 verbose parsed url   auth: null,
6 verbose parsed url   host: null,
6 verbose parsed url   port: null,
6 verbose parsed url   hostname: null,
6 verbose parsed url   hash: null,
6 verbose parsed url   search: null,
6 verbose parsed url   query: null,
6 verbose parsed url   pathname: 'ios-sim',
6 verbose parsed url   path: 'ios-sim',
6 verbose parsed url   href: 'ios-sim' }
7 silly lockFile 6af69284-ios-sim ios-sim
8 verbose lock ios-sim /Users/abjia/.npm/6af69284-ios-sim.lock
9 silly lockFile 6af69284-ios-sim ios-sim
10 silly lockFile 6af69284-ios-sim ios-sim
11 verbose addNamed [ 'ios-sim', '' ]
12 verbose addNamed [ null, '*' ]
13 silly lockFile 03dce7cc-ios-sim ios-sim@
14 verbose lock ios-sim@ /Users/abjia/.npm/03dce7cc-ios-sim.lock
15 silly addNameRange { name: 'ios-sim', range: '*', hasData: false }
16 verbose registry.get https://registry.npmjs.org/ios-sim not expired, no request
17 silly addNameRange number 2 { name: 'ios-sim', range: '*', hasData: true }
18 silly addNameRange versions [ 'ios-sim',
18 silly addNameRange   [ '1.8.0',
18 silly addNameRange     '1.8.1',
18 silly addNameRange     '1.8.2',
18 silly addNameRange     '1.9.0',
18 silly addNameRange     '2.0.0',
18 silly addNameRange     '2.0.1',
18 silly addNameRange     '3.0.0',
18 silly addNameRange     '3.1.0',
18 silly addNameRange     '3.1.1' ] ]
19 verbose addNamed [ 'ios-sim', '3.1.1' ]
20 verbose addNamed [ '3.1.1', '3.1.1' ]
21 silly lockFile 022ac800-ios-sim-3-1-1 ios-sim@3.1.1
22 verbose lock ios-sim@3.1.1 /Users/abjia/.npm/022ac800-ios-sim-3-1-1.lock
23 silly lockFile 022ac800-ios-sim-3-1-1 ios-sim@3.1.1
24 silly lockFile 022ac800-ios-sim-3-1-1 ios-sim@3.1.1
25 silly lockFile 03dce7cc-ios-sim ios-sim@
26 silly lockFile 03dce7cc-ios-sim ios-sim@
27 silly resolved [ { name: 'ios-sim',
27 silly resolved     version: '3.1.1',
27 silly resolved     description: 'launch iOS apps into the iOS Simulator from the command line (Xcode 6.0)',
27 silly resolved     main: 'ios-sim',
27 silly resolved     scripts: { preinstall: 'rake build' },
27 silly resolved     bin: { 'ios-sim': 'build/Release/ios-sim' },
27 silly resolved     repository: { type: 'git', url: 'https://github.com/phonegap/ios-sim' },
27 silly resolved     keywords: [ 'ios-sim', 'iOS Simulator' ],
27 silly resolved     author: { name: 'Landon Fuller, Jeff Haynie, Eloy Duran, Shazron Abdullah' },
27 silly resolved     license: 'MIT',
27 silly resolved     gitHead: 'c6ec64397e5fa462f1ea2d4e4fdc123a856618f9',
27 silly resolved     bugs: { url: 'https://github.com/phonegap/ios-sim/issues' },
27 silly resolved     homepage: 'https://github.com/phonegap/ios-sim',
27 silly resolved     _id: 'ios-sim@3.1.1',
27 silly resolved     _shasum: '1129c3fda31b917ef656b8c53fd276392b51c6e8',
27 silly resolved     _from: 'ios-sim@',
27 silly resolved     _npmVersion: '1.4.14',
27 silly resolved     _npmUser: { name: 'shazron', email: 'shazron@gmail.com' },
27 silly resolved     maintainers: [ [Object] ],
27 silly resolved     dist:
27 silly resolved      { shasum: '1129c3fda31b917ef656b8c53fd276392b51c6e8',
27 silly resolved        tarball: 'http://registry.npmjs.org/ios-sim/-/ios-sim-3.1.1.tgz' },
27 silly resolved     directories: {},
27 silly resolved     _resolved: 'https://registry.npmjs.org/ios-sim/-/ios-sim-3.1.1.tgz',
27 silly resolved     readme: 'ERROR: No README data found!' } ]
28 info install ios-sim@3.1.1 into /usr/local/lib
29 info installOne ios-sim@3.1.1
30 verbose lib/node_modules/ios-sim unbuild
31 verbose tar unpack /Users/abjia/.npm/ios-sim/3.1.1/package.tgz
32 silly lockFile 5027580f-r-local-lib-node-modules-ios-sim tar:///usr/local/lib/node_modules/ios-sim
33 verbose lock tar:///usr/local/lib/node_modules/ios-sim /Users/abjia/.npm/5027580f-r-local-lib-node-modules-ios-sim.lock
34 silly lockFile 555b8fa9-ia-npm-ios-sim-3-1-1-package-tgz tar:///Users/abjia/.npm/ios-sim/3.1.1/package.tgz
35 verbose lock tar:///Users/abjia/.npm/ios-sim/3.1.1/package.tgz /Users/abjia/.npm/555b8fa9-ia-npm-ios-sim-3-1-1-package-tgz.lock
36 silly gunzTarPerm modes [ '755', '644' ]
37 silly gunzTarPerm extractEntry package.json
38 silly gunzTarPerm extractEntry .npmignore
39 silly gunzTarPerm extractEntry README.md
40 silly gunzTarPerm extractEntry LICENSE
41 silly gunzTarPerm extractEntry resources/buildbox/build.sh
42 silly gunzTarPerm extractEntry CoreSimulator/CoreSimulator.h
43 silly gunzTarPerm extractEntry CONTRIBUTING.md
44 silly gunzTarPerm extractEntry Rakefile
45 silly gunzTarPerm extractEntry Source/.npmignore
46 silly gunzTarPerm extractEntry Source/NSString+expandPath.h
47 silly gunzTarPerm extractEntry Source/NSString+expandPath.m
48 silly gunzTarPerm extractEntry Source/iPhoneSimulator.h
49 silly gunzTarPerm extractEntry Source/iPhoneSimulator.m
50 silly gunzTarPerm extractEntry Source/main.m
51 silly gunzTarPerm extractEntry Source/nsprintf.h
52 silly gunzTarPerm extractEntry Source/nsprintf.m
53 silly gunzTarPerm extractEntry Source/version.h
54 silly gunzTarPerm extractEntry ios-sim.xcodeproj/.npmignore
55 silly gunzTarPerm extractEntry ios-sim.xcodeproj/project.pbxproj
56 silly gunzTarPerm extractEntry ios-sim.xcodeproj/xcshareddata/xcschemes/ios-sim.xcscheme
57 silly gunzTarPerm extractEntry ios-sim_Prefix.pch
58 silly gunzTarPerm extractEntry DVTiPhoneSimulatorRemoteClient/DVTiPhoneSimulatorRemoteClient.h
59 silly gunzTarPerm extractEntry README.template.md
60 silly lockFile 5027580f-r-local-lib-node-modules-ios-sim tar:///usr/local/lib/node_modules/ios-sim
61 silly lockFile 5027580f-r-local-lib-node-modules-ios-sim tar:///usr/local/lib/node_modules/ios-sim
62 silly lockFile 555b8fa9-ia-npm-ios-sim-3-1-1-package-tgz tar:///Users/abjia/.npm/ios-sim/3.1.1/package.tgz
63 silly lockFile 555b8fa9-ia-npm-ios-sim-3-1-1-package-tgz tar:///Users/abjia/.npm/ios-sim/3.1.1/package.tgz
64 info preinstall ios-sim@3.1.1
65 verbose unsafe-perm in lifecycle false
66 info ios-sim@3.1.1 Failed to exec preinstall script
67 verbose lib/node_modules/ios-sim unbuild
68 info preuninstall ios-sim@3.1.1
69 info uninstall ios-sim@3.1.1
70 verbose true,/usr/local/lib/node_modules,/usr/local/lib/node_modules unbuild ios-sim@3.1.1
71 verbose /usr/local/bin,[object Object] binRoot
72 info postuninstall ios-sim@3.1.1
73 error ios-sim@3.1.1 preinstall: `rake build`
73 error Exit status 1
74 error Failed at the ios-sim@3.1.1 preinstall script.
74 error This is most likely a problem with the ios-sim package,
74 error not with npm itself.
74 error Tell the author that this fails on your system:
74 error     rake build
74 error You can get their info via:
74 error     npm owner ls ios-sim
74 error There is likely additional logging output above.
75 error System Darwin 13.3.0
76 error command "node" "/usr/local/bin/npm" "install" "ios-sim" "-g"
77 error cwd /Users/abjia/work/phoneBook
78 error node -v v0.10.31
79 error npm -v 1.4.23
80 error code ELIFECYCLE
81 verbose exit [ 1, true ]
